<?xml version="1.0" encoding="UTF-8"?>
<!-- Generated by org.testng.reporters.JUnitXMLReporter -->
<testsuite ignored="1" hostname="DESKTOP-55K9IPC" failures="0" tests="2" name="Submit Order Test" time="54.651" errors="0" timestamp="2024-08-21T17:08:53 IST">
  <testcase classname="dheerajParmar.Tests.SubmitOrderTest" name="submitOrder" time="15.729"/>
  <testcase classname="dheerajParmar.Tests.SubmitOrderTest" name="submitOrder" time="15.64"/>
  <testcase classname="dheerajParmar.Tests.SubmitOrderTest" name="orderHistoryTest" time="0.0">
    <ignored/>
  </testcase> <!-- orderHistoryTest -->
</testsuite> <!-- Submit Order Test -->
