<?xml version="1.0" encoding="UTF-8"?>
<testng-results ignored="0" total="1" passed="1" failed="0" skipped="0">
  <reporter-output>
  </reporter-output>
  <suite started-at="2024-08-20T13:41:42 IST" name="Default suite" finished-at="2024-08-20T13:41:54 IST" duration-ms="12313">
    <groups>
      <group name="cucumber">
        <method signature="AbstractTestNGCucumberTests.runScenario(io.cucumber.testng.PickleWrapper,io.cucumber.testng.FeatureWrapper)[pri:0, instance:cucumber.TestRuner@59402b8f]" name="runScenario" class="io.cucumber.testng.AbstractTestNGCucumberTests"/>
      </group> <!-- cucumber -->
    </groups>
    <test started-at="2024-08-20T13:41:42 IST" name="Default test" finished-at="2024-08-20T13:41:54 IST" duration-ms="12313">
      <class name="cucumber.TestRuner">
        <test-method is-config="true" signature="setUpClass(org.testng.ITestContext)[pri:0, instance:cucumber.TestRuner@59402b8f]" started-at="2024-08-20T13:41:42 IST" name="setUpClass" finished-at="2024-08-20T13:41:43 IST" duration-ms="1317" status="PASS">
          <params>
            <param index="0">
              <value>
                <![CDATA[org.testng.TestRunner@536d97f8]]>
              </value>
            </param>
          </params>
          <reporter-output>
          </reporter-output>
        </test-method> <!-- setUpClass -->
        <test-method signature="runScenario(io.cucumber.testng.PickleWrapper,io.cucumber.testng.FeatureWrapper)[pri:0, instance:cucumber.TestRuner@59402b8f]" started-at="2024-08-20T13:41:43 IST" name="runScenario" description="Runs Cucumber Scenarios" data-provider="scenarios" finished-at="2024-08-20T13:41:54 IST" duration-ms="10787" status="PASS">
          <params>
            <param index="0">
              <value>
                <![CDATA["Error Validation for login"]]>
              </value>
            </param>
            <param index="1">
              <value>
                <![CDATA["Error Validation"]]>
              </value>
            </param>
          </params>
          <reporter-output>
          </reporter-output>
        </test-method> <!-- runScenario -->
        <test-method is-config="true" signature="tearDownClass()[pri:0, instance:cucumber.TestRuner@59402b8f]" started-at="2024-08-20T13:41:54 IST" name="tearDownClass" finished-at="2024-08-20T13:41:54 IST" duration-ms="105" status="PASS">
          <reporter-output>
          </reporter-output>
        </test-method> <!-- tearDownClass -->
      </class> <!-- cucumber.TestRuner -->
    </test> <!-- Default test -->
  </suite> <!-- Default suite -->
</testng-results>
